<?xml version="1.0" encoding="UTF-8"?>
<!-- Generated by org.testng.reporters.JUnitReportReporter -->
<testsuite hostname="DESKTOP-F8M8PD6" name="com.training.sanity.tests.RealEstateMutiplePostsCategoryTC78" tests="5" failures="0" timestamp="21 May 2020 08:30:50 GMT" time="110.997" errors="0">
  <testcase name="ValidateLoginTest" time="5.947" classname="com.training.sanity.tests.RealEstateMutiplePostsCategoryTC78"/>
  <testcase name="ValidateNewCategory" time="31.423" classname="com.training.sanity.tests.RealEstateMutiplePostsCategoryTC78"/>
  <testcase name="ValidateNewCategory" time="34.618" classname="com.training.sanity.tests.RealEstateMutiplePostsCategoryTC78"/>
  <testcase name="ValidateLogOut" time="9.097" classname="com.training.sanity.tests.RealEstateMutiplePostsCategoryTC78"/>
  <testcase name="ValidateNewCategory" time="29.912" classname="com.training.sanity.tests.RealEstateMutiplePostsCategoryTC78"/>
</testsuite> <!-- com.training.sanity.tests.RealEstateMutiplePostsCategoryTC78 -->
