<?xml version="1.0" encoding="UTF-8"?>
<!-- Generated by org.testng.reporters.JUnitReportReporter -->
<testsuite hostname="DESKTOP-F8M8PD6" name="com.training.sanity.tests.RealEstateAddMultipleRegionTC77" tests="5" failures="0" timestamp="21 May 2020 09:03:31 GMT" time="73.584" errors="0">
  <testcase name="ValidateNewRegion" time="18.564" classname="com.training.sanity.tests.RealEstateAddMultipleRegionTC77"/>
  <testcase name="ValidateNewRegion" time="18.694" classname="com.training.sanity.tests.RealEstateAddMultipleRegionTC77"/>
  <testcase name="LogOutTest" time="9.453" classname="com.training.sanity.tests.RealEstateAddMultipleRegionTC77"/>
  <testcase name="ValidateLoginTest" time="5.575" classname="com.training.sanity.tests.RealEstateAddMultipleRegionTC77"/>
  <testcase name="ValidateNewRegion" time="21.298" classname="com.training.sanity.tests.RealEstateAddMultipleRegionTC77"/>
</testsuite> <!-- com.training.sanity.tests.RealEstateAddMultipleRegionTC77 -->
